2018-06-19 11:46:55.501 LOG_ALARM -----------------  log4z thread started!   ---------------------------- 
2018-06-19 11:46:55.501 LOG_ALARM  logger id=0 path=./log/ name=V5KStreamer level=0 display=1 
2018-06-19 11:46:55.502 LOG_ALARM GetLastError 0 ( V5KStreamer.cpp ) : 777 
2018-06-19 11:46:55.502 LOG_ALARM D:\Abutment\93\AudioFiles\EBDR_5fc74408-04cf-44e4-805b-152dd1fc5b08.mp3 ( V5KStreamer.cpp ) : 808 
2018-06-19 11:46:55.502 LOG_INFO hExit000000b4 ( V5KStreamer.cpp ) : 820 
2018-06-19 11:46:55.502 LOG_DEBUG start thread ( V5KStreamer.cpp ) : 511 
2018-06-19 11:46:55.502 LOG_INFO µ»¥˝ÕÀ≥ˆ ( V5KStreamer.cpp ) : 821 
2018-06-19 11:46:55.505 LOG_DEBUG init OK ( V5KStreamer.cpp ) : 513 
2018-06-19 11:46:55.539 LOG_INFO Input #0, mp3, from 'D:\Abutment\93\AudioFiles\EBDR_5fc74408-04cf-44e4-805b-152dd1fc5b08.mp3':
 ( V5KStreamer.cpp ) : 710 
2018-06-19 11:46:55.539 LOG_INFO   Metadata:
 ( V5KStreamer.cpp ) : 710 
2018-06-19 11:46:55.539 LOG_INFO     encoder         :  ( V5KStreamer.cpp ) : 710 
2018-06-19 11:46:55.539 LOG_INFO Lavf57.25.100 ( V5KStreamer.cpp ) : 710 
2018-06-19 11:46:55.540 LOG_INFO 
 ( V5KStreamer.cpp ) : 710 
2018-06-19 11:46:55.540 LOG_INFO     comment         :  ( V5KStreamer.cpp ) : 710 
2018-06-19 11:46:55.540 LOG_INFO 163 key(Don't modify):L64FU3W4YxX3ZFTmbZ+8/QUdRJvZVNdy/tTH4QqIWnjFwqsolclkyhai36qr/xAMUsnwXiyKeMjPLQabsI9M2evK8pyATVrQwD9tKFdI4oMBHn9V4fROylbY5FJwOpYghoQwU0sGokFb/rEA1zW35wO9NucKatfhhywrHXZ0rb+URrD2dD/oys78EJZk6yOr3dNZ1on7AfEqHI9KXCokIM/Tbs+7a1hJXDjlvonnH ( V5KStreamer.cpp ) : 710 
2018-06-19 11:46:55.540 LOG_INFO 
 ( V5KStreamer.cpp ) : 710 
2018-06-19 11:46:55.540 LOG_INFO     album           :  ( V5KStreamer.cpp ) : 710 
2018-06-19 11:46:55.540 LOG_INFO ÂÖ∂ÂÆûÈÉΩÊ≤°ÊúâÔºàCover  Êù®ÂÆóÁ∫¨Ôºâ ( V5KStreamer.cpp ) : 710 
2018-06-19 11:46:55.540 LOG_INFO 
 ( V5KStreamer.cpp ) : 710 
2018-06-19 11:46:55.540 LOG_INFO     title           :  ( V5KStreamer.cpp ) : 710 
2018-06-19 11:46:55.540 LOG_INFO ÂÖ∂ÂÆûÈÉΩÊ≤°Êúâ ( V5KStreamer.cpp ) : 710 
2018-06-19 11:46:55.540 LOG_INFO 
 ( V5KStreamer.cpp ) : 710 
2018-06-19 11:46:55.540 LOG_INFO     artist          :  ( V5KStreamer.cpp ) : 710 
2018-06-19 11:46:55.540 LOG_INFO ÂÆáË•ø ( V5KStreamer.cpp ) : 710 
2018-06-19 11:46:55.540 LOG_INFO 
 ( V5KStreamer.cpp ) : 710 
2018-06-19 11:46:55.540 LOG_INFO     track           :  ( V5KStreamer.cpp ) : 710 
2018-06-19 11:46:55.540 LOG_INFO 1 ( V5KStreamer.cpp ) : 710 
2018-06-19 11:46:55.540 LOG_INFO 
 ( V5KStreamer.cpp ) : 710 
2018-06-19 11:46:55.540 LOG_INFO   Duration:  ( V5KStreamer.cpp ) : 710 
2018-06-19 11:46:55.540 LOG_INFO 00:03:57.82 ( V5KStreamer.cpp ) : 710 
2018-06-19 11:46:55.540 LOG_INFO , start:  ( V5KStreamer.cpp ) : 710 
2018-06-19 11:46:55.540 LOG_INFO 0.025056 ( V5KStreamer.cpp ) : 710 
2018-06-19 11:46:55.540 LOG_INFO , bitrate:  ( V5KStreamer.cpp ) : 710 
2018-06-19 11:46:55.540 LOG_INFO 333 kb/s ( V5KStreamer.cpp ) : 710 
2018-06-19 11:46:55.540 LOG_INFO 
 ( V5KStreamer.cpp ) : 710 
2018-06-19 11:46:55.540 LOG_INFO     Stream #0:0 ( V5KStreamer.cpp ) : 710 
2018-06-19 11:46:55.540 LOG_INFO : Audio: mp3, 44100 Hz, stereo, s16p, 320 kb/s ( V5KStreamer.cpp ) : 710 
2018-06-19 11:46:55.540 LOG_INFO 
 ( V5KStreamer.cpp ) : 710 
2018-06-19 11:46:55.540 LOG_INFO     Metadata:
 ( V5KStreamer.cpp ) : 710 
2018-06-19 11:46:55.540 LOG_INFO       encoder         :  ( V5KStreamer.cpp ) : 710 
2018-06-19 11:46:55.540 LOG_INFO Lavc57.24 ( V5KStreamer.cpp ) : 710 
2018-06-19 11:46:55.540 LOG_INFO 
 ( V5KStreamer.cpp ) : 710 
2018-06-19 11:46:55.540 LOG_INFO     Stream #0:1 ( V5KStreamer.cpp ) : 710 
2018-06-19 11:46:55.540 LOG_INFO : Video: mjpeg, gbrap(bt470bg/unknown/unknown), 640x640 [SAR 72:72 DAR 1:1] ( V5KStreamer.cpp ) : 710 
2018-06-19 11:46:55.540 LOG_INFO ,  ( V5KStreamer.cpp ) : 710 
2018-06-19 11:46:55.540 LOG_INFO 90k tbr,  ( V5KStreamer.cpp ) : 710 
2018-06-19 11:46:55.541 LOG_INFO 90k tbn,  ( V5KStreamer.cpp ) : 710 
2018-06-19 11:46:55.541 LOG_INFO 90k tbc ( V5KStreamer.cpp ) : 710 
