2017-05-21 8:16:10	Debug	通常每个套接字地址(协议/网络地址/端口)只允许使用一次。
2017-05-21 8:16:23	Debug	反馈处理错误673行：正在中止线程。
2017-05-21 8:16:38	Debug	非本区域地域码
2017-05-21 8:22:24	Debug	G1475：文件“D:\work\93\SendTarFilePath\EBDT_010102321323000000010000000000000000.tar”正由另一进程使用，因此该进程无法访问此文件。
2017-05-21 8:28:24	Debug	G1475：文件“D:\work\93\SendTarFilePath\EBDT_100102321323000000010000000000000285.tar”正由另一进程使用，因此该进程无法访问此文件。
2017-05-21 8:34:24	Debug	G1475：文件“D:\work\93\SendTarFilePath\EBDT_100102321323000000010000000000000896.tar”正由另一进程使用，因此该进程无法访问此文件。
2017-05-21 8:40:24	Debug	G1475：文件“D:\work\93\SendTarFilePath\EBDT_100102321323000000010000000000000180.tar”正由另一进程使用，因此该进程无法访问此文件。
2017-05-21 8:41:24	Debug	非本区域地域码
2017-05-21 8:58:50	Debug	非本区域地域码
2017-05-21 9:01:57	Debug	非本区域地域码
2017-05-21 9:03:00	Debug	非本区域地域码
2017-05-21 9:08:41	Debug	通常每个套接字地址(协议/网络地址/端口)只允许使用一次。
2017-05-21 9:09:18	Debug	非本区域地域码
2017-05-21 9:12:02	Debug	非本区域地域码
2017-05-21 9:13:41	Debug	非本区域地域码
2017-05-21 9:15:13	Debug	非本区域地域码
2017-05-21 9:19:25	Debug	非本区域地域码
2017-05-21 9:19:32	Debug	G1475：文件“D:\work\93\SendTarFilePath\EBDT_010102321323000000010000000000000000.tar”正由另一进程使用，因此该进程无法访问此文件。
2017-05-21 9:21:48	Debug	非本区域地域码
2017-05-21 9:25:32	Debug	G1475：文件“D:\work\93\SendTarFilePath\EBDT_100102321323000000010000000000000897.tar”正由另一进程使用，因此该进程无法访问此文件。
2017-05-21 9:32:23	Debug	非本区域地域码
2017-05-21 9:34:29	Debug	通常每个套接字地址(协议/网络地址/端口)只允许使用一次。
2017-05-21 9:34:33	Debug	反馈处理错误673行：正在中止线程。
2017-05-21 9:34:44	Debug	非本区域地域码
2017-05-21 9:38:41	Debug	心跳处错误：文件“D:\work\93\SendTarFilePath\EBDT_010102321323000000010000000000000000.tar”正由另一进程使用，因此该进程无法访问此文件。
2017-05-21 9:39:48	Debug	通常每个套接字地址(协议/网络地址/端口)只允许使用一次。
2017-05-21 9:40:01	Debug	反馈处理错误673行：正在中止线程。
2017-05-21 9:40:54	Debug	非本区域地域码
2017-05-21 9:41:50	Debug	非本区域地域码
2017-05-21 9:42:59	Debug	非本区域地域码
