2017-05-20 16:51:02	Debug	ServerFormCloseing停止线程错误：未将对象引用设置到对象的实例。
2017-05-20 17:08:16	Debug	非本区域地域码
2017-05-20 17:11:25	Debug	非本区域地域码
2017-05-20 17:14:00	Debug	非本区域地域码
2017-05-20 17:15:15	Debug	心跳处错误：文件“D:\work\93\SendTarFilePath\EBDT_010102321323000000010000000000000000.tar”正由另一进程使用，因此该进程无法访问此文件。
2017-05-20 17:15:32	Debug	非本区域地域码
2017-05-20 17:16:26	Debug	非本区域地域码
2017-05-20 17:17:44	Debug	G1475：文件“D:\work\93\SendTarFilePath\EBDT_010102321323000000010000000000000000.tar”正由另一进程使用，因此该进程无法访问此文件。
2017-05-20 17:17:44	Debug	G1475：文件“D:\work\93\SendTarFilePath\EBDT_010102321323000000010000000000000000.tar”正由另一进程使用，因此该进程无法访问此文件。
2017-05-20 17:18:38	Debug	非本区域地域码
2017-05-20 17:23:37	Debug	G1475：文件“D:\work\93\SendTarFilePath\EBDT_010102321323000000010000000000000000.tar”正由另一进程使用，因此该进程无法访问此文件。
2017-05-20 17:23:40	Debug	G1475：未能找到路径“D:\work\93\SendTarFilePath\EBDT_100102320322000000010000000000000216.tar”的一部分。
2017-05-20 17:28:05	Debug	非本区域地域码
2017-05-20 17:29:27	Debug	非本区域地域码
2017-05-20 17:35:31	Debug	非本区域地域码
2017-05-20 17:35:49	Debug	心跳处错误：文件“D:\work\93\SendTarFilePath\EBDT_010102321323000000010000000000000000.tar”正由另一进程使用，因此该进程无法访问此文件。
2017-05-20 17:36:14	Debug	非本区域地域码
2017-05-20 17:37:58	Debug	通常每个套接字地址(协议/网络地址/端口)只允许使用一次。
2017-05-20 17:38:06	Debug	反馈处理错误673行：正在中止线程。
2017-05-20 17:38:12	Debug	非本区域地域码
2017-05-20 17:39:33	Debug	非本区域地域码
2017-05-20 17:40:13	Debug	非本区域地域码
2017-05-20 17:40:40	Debug	非本区域地域码
2017-05-20 17:41:26	Debug	非本区域地域码
2017-05-20 17:42:25	Debug	非本区域地域码
2017-05-20 17:42:50	Debug	非本区域地域码
2017-05-20 17:43:39	Debug	非本区域地域码
2017-05-20 17:47:12	Debug	非本区域地域码
2017-05-20 17:49:01	Debug	非本区域地域码
2017-05-20 18:06:03	Debug	非本区域地域码
2017-05-20 18:11:00	Debug	非本区域地域码
2017-05-20 18:11:34	Debug	非本区域地域码
2017-05-20 18:11:47	Debug	G1475：文件“D:\work\93\SendTarFilePath\EBDT_010102321323000000010000000000000000.tar”正由另一进程使用，因此该进程无法访问此文件。
